# JRE version: OpenJDK Runtime Environment (8.0_112-b06) (build 1.8.0_112-release-b06)
# Java VM: OpenJDK 64-Bit Server VM (25.112-b06 mixed mode linux-amd64 compressed oops)
Heap:
 PSYoungGen      total 328704K, used 0K [0x00000000e0000000, 0x0000000100000000, 0x0000000100000000)
  eden space 258048K, 0% used [0x00000000e0000000,0x00000000e0000000,0x00000000efc00000)
  from space 70656K, 0% used [0x00000000efc00000,0x00000000efc00000,0x00000000f4100000)
  to   space 134144K, 0% used [0x00000000f7d00000,0x00000000f7d00000,0x0000000100000000)
 ParOldGen       total 342016K, used 328957K [0x00000000a0000000, 0x00000000b4e00000, 0x00000000e0000000)
  object space 342016K, 96% used [0x00000000a0000000,0x00000000b413f6a0,0x00000000b4e00000)
 Metaspace       used 85139K, capacity 93028K, committed 93872K, reserved 1132544K
  class space    used 10599K, capacity 11481K, committed 11696K, reserved 1048576K
GC Heap History (10 events):
Event: 23893.449 GC heap after
Heap after GC invocations=100 (full 8):
 PSYoungGen      total 428544K, used 58365K [0x00000000e0000000, 0x0000000100000000, 0x0000000100000000)
  eden space 346112K, 0% used [0x00000000e0000000,0x00000000e0000000,0x00000000f5200000)
  from space 82432K, 70% used [0x00000000faf80000,0x00000000fe87f568,0x0000000100000000)
  to   space 89088K, 0% used [0x00000000f5200000,0x00000000f5200000,0x00000000fa900000)
 ParOldGen       total 243712K, used 169413K [0x00000000a0000000, 0x00000000aee00000, 0x00000000e0000000)
  object space 243712K, 69% used [0x00000000a0000000,0x00000000aa571538,0x00000000aee00000)
 Metaspace       used 85197K, capacity 93126K, committed 93872K, reserved 1132544K
  class space    used 10607K, capacity 11500K, committed 11696K, reserved 1048576K
}
Event: 23895.682 GC heap before
{Heap before GC invocations=101 (full 8):
 PSYoungGen      total 428544K, used 404477K [0x00000000e0000000, 0x0000000100000000, 0x0000000100000000)
  eden space 346112K, 100% used [0x00000000e0000000,0x00000000f5200000,0x00000000f5200000)
  from space 82432K, 70% used [0x00000000faf80000,0x00000000fe87f568,0x0000000100000000)
  to   space 89088K, 0% used [0x00000000f5200000,0x00000000f5200000,0x00000000fa900000)
 ParOldGen       total 243712K, used 169413K [0x00000000a0000000, 0x00000000aee00000, 0x00000000e0000000)
  object space 243712K, 69% used [0x00000000a0000000,0x00000000aa571538,0x00000000aee00000)
 Metaspace       used 85202K, capacity 93126K, committed 93872K, reserved 1132544K
  class space    used 10607K, capacity 11500K, committed 11696K, reserved 1048576K
Event: 23899.242 GC heap after
Heap after GC invocations=101 (full 8):
 PSYoungGen      total 396800K, used 50613K [0x00000000e0000000, 0x0000000100000000, 0x0000000100000000)
  eden space 346112K, 0% used [0x00000000e0000000,0x00000000e0000000,0x00000000f5200000)
  from space 50688K, 99% used [0x00000000f5200000,0x00000000f836d4d0,0x00000000f8380000)
  to   space 91648K, 0% used [0x00000000fa680000,0x00000000fa680000,0x0000000100000000)
 ParOldGen       total 243712K, used 211710K [0x00000000a0000000, 0x00000000aee00000, 0x00000000e0000000)
  object space 243712K, 86% used [0x00000000a0000000,0x00000000acebf8a0,0x00000000aee00000)
 Metaspace       used 85202K, capacity 93126K, committed 93872K, reserved 1132544K
  class space    used 10607K, capacity 11500K, committed 11696K, reserved 1048576K
}
Event: 23899.245 GC heap before
{Heap before GC invocations=102 (full 9):
 PSYoungGen      total 396800K, used 50613K [0x00000000e0000000, 0x0000000100000000, 0x0000000100000000)
  eden space 346112K, 0% used [0x00000000e0000000,0x00000000e0000000,0x00000000f5200000)
  from space 50688K, 99% used [0x00000000f5200000,0x00000000f836d4d0,0x00000000f8380000)
  to   space 91648K, 0% used [0x00000000fa680000,0x00000000fa680000,0x0000000100000000)
 ParOldGen       total 243712K, used 211710K [0x00000000a0000000, 0x00000000aee00000, 0x00000000e0000000)
  object space 243712K, 86% used [0x00000000a0000000,0x00000000acebf8a0,0x00000000aee00000)
 Metaspace       used 85202K, capacity 93126K, committed 93872K, reserved 1132544K
  class space    used 10607K, capacity 11500K, committed 11696K, reserved 1048576K
Event: 23912.722 GC heap after
Heap after GC invocations=102 (full 9):
 PSYoungGen      total 396800K, used 0K [0x00000000e0000000, 0x0000000100000000, 0x0000000100000000)
  eden space 346112K, 0% used [0x00000000e0000000,0x00000000e0000000,0x00000000f5200000)
  from space 50688K, 0% used [0x00000000f5200000,0x00000000f5200000,0x00000000f8380000)
  to   space 91648K, 0% used [0x00000000fa680000,0x00000000fa680000,0x0000000100000000)
 ParOldGen       total 317952K, used 187457K [0x00000000a0000000, 0x00000000b3680000, 0x00000000e0000000)
  object space 317952K, 58% used [0x00000000a0000000,0x00000000ab710768,0x00000000b3680000)
 Metaspace       used 85137K, capacity 93028K, committed 93872K, reserved 1132544K
  class space    used 10599K, capacity 11481K, committed 11696K, reserved 1048576K
}
Event: 23914.335 GC heap before
{Heap before GC invocations=103 (full 9):
 PSYoungGen      total 396800K, used 346112K [0x00000000e0000000, 0x0000000100000000, 0x0000000100000000)
  eden space 346112K, 100% used [0x00000000e0000000,0x00000000f5200000,0x00000000f5200000)
  from space 50688K, 0% used [0x00000000f5200000,0x00000000f5200000,0x00000000f8380000)
  to   space 91648K, 0% used [0x00000000fa680000,0x00000000fa680000,0x0000000100000000)
 ParOldGen       total 317952K, used 187459K [0x00000000a0000000, 0x00000000b3680000, 0x00000000e0000000)
  object space 317952K, 58% used [0x00000000a0000000,0x00000000ab710cd8,0x00000000b3680000)
 Metaspace       used 85139K, capacity 93028K, committed 93872K, reserved 1132544K
  class space    used 10599K, capacity 11481K, committed 11696K, reserved 1048576K
Event: 23917.668 GC heap after
Heap after GC invocations=103 (full 9):
 PSYoungGen      total 349696K, used 91644K [0x00000000e0000000, 0x0000000100000000, 0x0000000100000000)
  eden space 258048K, 0% used [0x00000000e0000000,0x00000000e0000000,0x00000000efc00000)
  from space 91648K, 99% used [0x00000000fa680000,0x00000000fffff320,0x0000000100000000)
  to   space 133120K, 0% used [0x00000000efc00000,0x00000000efc00000,0x00000000f7e00000)
 ParOldGen       total 317952K, used 252945K [0x00000000a0000000, 0x00000000b3680000, 0x00000000e0000000)
  object space 317952K, 79% used [0x00000000a0000000,0x00000000af704550,0x00000000b3680000)
 Metaspace       used 85139K, capacity 93028K, committed 93872K, reserved 1132544K
  class space    used 10599K, capacity 11481K, committed 11696K, reserved 1048576K
}
Event: 23918.128 GC heap before
{Heap before GC invocations=104 (full 9):
 PSYoungGen      total 349696K, used 349692K [0x00000000e0000000, 0x0000000100000000, 0x0000000100000000)
  eden space 258048K, 100% used [0x00000000e0000000,0x00000000efc00000,0x00000000efc00000)
  from space 91648K, 99% used [0x00000000fa680000,0x00000000fffff320,0x0000000100000000)
  to   space 133120K, 0% used [0x00000000efc00000,0x00000000efc00000,0x00000000f7e00000)
 ParOldGen       total 317952K, used 253001K [0x00000000a0000000, 0x00000000b3680000, 0x00000000e0000000)
  object space 317952K, 79% used [0x00000000a0000000,0x00000000af712508,0x00000000b3680000)
 Metaspace       used 85139K, capacity 93028K, committed 93872K, reserved 1132544K
  class space    used 10599K, capacity 11481K, committed 11696K, reserved 1048576K
Event: 23919.612 GC heap after
Heap after GC invocations=104 (full 9):
 PSYoungGen      total 328704K, used 70332K [0x00000000e0000000, 0x0000000100000000, 0x0000000100000000)
  eden space 258048K, 0% used [0x00000000e0000000,0x00000000e0000000,0x00000000efc00000)
  from space 70656K, 99% used [0x00000000efc00000,0x00000000f40af200,0x00000000f4100000)
  to   space 134144K, 0% used [0x00000000f7d00000,0x00000000f7d00000,0x0000000100000000)
 ParOldGen       total 342016K, used 341629K [0x00000000a0000000, 0x00000000b4e00000, 0x00000000e0000000)
  object space 342016K, 99% used [0x00000000a0000000,0x00000000b4d9f440,0x00000000b4e00000)
 Metaspace       used 85139K, capacity 93028K, committed 93872K, reserved 1132544K
  class space    used 10599K, capacity 11481K, committed 11696K, reserved 1048576K
}
Event: 23919.618 GC heap before
{Heap before GC invocations=105 (full 10):
 PSYoungGen      total 328704K, used 70332K [0x00000000e0000000, 0x0000000100000000, 0x0000000100000000)
  eden space 258048K, 0% used [0x00000000e0000000,0x00000000e0000000,0x00000000efc00000)
  from space 70656K, 99% used [0x00000000efc00000,0x00000000f40af200,0x00000000f4100000)
  to   space 134144K, 0% used [0x00000000f7d00000,0x00000000f7d00000,0x0000000100000000)
 ParOldGen       total 342016K, used 341629K [0x00000000a0000000, 0x00000000b4e00000, 0x00000000e0000000)
  object space 342016K, 99% used [0x00000000a0000000,0x00000000b4d9f440,0x00000000b4e00000)
 Metaspace       used 85139K, capacity 93028K, committed 93872K, reserved 1132544K
  class space    used 10599K, capacity 11481K, committed 11696K, reserved 1048576K

